TN:
SF:constants/password_config.ts
FNF:0
FNH:0
DA:1,1
DA:2,1
DA:3,1
LF:3
LH:3
BRF:0
BRH:0
end_of_record
TN:
SF:constants/roles.ts
FNF:0
FNH:0
DA:1,1
DA:2,1
DA:3,1
DA:4,1
LF:4
LH:4
BRF:0
BRH:0
end_of_record
TN:
SF:src/providers/Auth/AuthProvider.ts
FN:16,comparePassword
FN:20,sign
FNF:2
FNH:2
FNDA:2,comparePassword
FNDA:1,sign
DA:1,1
DA:2,1
DA:3,1
DA:4,1
DA:5,1
DA:6,1
DA:7,1
DA:8,1
DA:9,1
DA:10,1
DA:11,1
DA:12,1
DA:13,1
DA:14,1
DA:15,1
DA:16,1
DA:17,2
DA:18,2
DA:19,1
DA:20,1
DA:21,1
DA:22,1
DA:23,1
DA:24,1
DA:25,1
LF:25
LH:25
BRDA:16,0,0,2
BRDA:20,1,0,1
BRF:2
BRH:2
end_of_record
TN:
SF:src/repositories/in-memory/User/UserRepositoryInMemory.ts
FN:23,UserRepositoryInMemory
FN:26,create
FN:43,update
FN:60,findUserById
FN:70,findUserByEmail
FN:80,list
FN:84,delete
FNF:7
FNH:7
FNDA:8,UserRepositoryInMemory
FNDA:13,create
FNDA:2,update
FNDA:2,findUserById
FNDA:17,findUserByEmail
FNDA:1,list
FNDA:1,delete
DA:1,1
DA:2,1
DA:3,1
DA:4,1
DA:5,1
DA:6,1
DA:7,1
DA:8,1
DA:9,1
DA:10,1
DA:11,1
DA:12,1
DA:13,1
DA:14,1
DA:15,1
DA:16,1
DA:17,1
DA:18,1
DA:19,1
DA:20,1
DA:21,1
DA:22,1
DA:23,8
DA:24,8
DA:25,8
DA:26,8
DA:27,13
DA:28,13
DA:29,13
DA:30,13
DA:31,13
DA:32,13
DA:33,13
DA:34,13
DA:35,13
DA:36,13
DA:37,13
DA:38,13
DA:39,13
DA:40,13
DA:41,13
DA:42,8
DA:43,8
DA:44,2
DA:45,2
DA:46,2
DA:47,0
DA:48,0
DA:49,2
DA:50,2
DA:51,2
DA:52,2
DA:53,2
DA:54,2
DA:55,2
DA:56,2
DA:57,2
DA:58,2
DA:59,8
DA:60,8
DA:61,2
DA:62,2
DA:63,2
DA:64,2
DA:65,2
DA:66,0
DA:67,0
DA:68,0
DA:69,8
DA:70,8
DA:71,17
DA:72,17
DA:73,17
DA:74,5
DA:75,5
DA:76,12
DA:77,12
DA:78,12
DA:79,8
DA:80,8
DA:81,1
DA:82,1
DA:83,8
DA:84,8
DA:85,1
DA:86,1
DA:87,1
DA:88,1
DA:89,1
DA:90,1
DA:91,8
DA:92,1
DA:93,1
LF:93
LH:88
BRDA:23,0,0,8
BRDA:26,1,0,13
BRDA:43,2,0,2
BRDA:46,3,0,0
BRDA:44,4,0,2
BRDA:60,5,0,2
BRDA:66,6,0,0
BRDA:61,7,0,2
BRDA:70,8,0,17
BRDA:73,9,0,13
BRDA:73,10,0,5
BRDA:76,11,0,12
BRDA:71,12,0,12
BRDA:80,13,0,1
BRDA:84,14,0,1
BRDA:85,15,0,3
BRF:16
BRH:14
end_of_record
TN:
SF:src/services/Session/CreateSessionService.ts
FN:12,CreateSessionService
FN:17,execute
FNF:2
FNH:2
FNDA:1,CreateSessionService
FNDA:3,execute
DA:1,1
DA:2,1
DA:3,1
DA:4,1
DA:5,1
DA:6,1
DA:7,1
DA:8,1
DA:9,1
DA:10,1
DA:11,1
DA:12,1
DA:13,1
DA:14,1
DA:15,1
DA:16,1
DA:17,1
DA:18,3
DA:19,3
DA:20,3
DA:21,3
DA:22,3
DA:23,1
DA:24,1
DA:25,2
DA:26,2
DA:27,2
DA:28,3
DA:29,1
DA:30,1
DA:31,1
DA:32,1
DA:33,1
DA:34,1
DA:35,1
DA:36,1
DA:37,1
DA:38,1
DA:39,1
DA:40,1
DA:41,1
DA:42,1
DA:43,1
DA:44,1
DA:45,3
DA:46,1
DA:47,1
DA:48,1
LF:48
LH:48
BRDA:12,0,0,1
BRDA:17,1,0,3
BRDA:22,2,0,1
BRDA:25,3,0,2
BRDA:28,4,0,1
BRF:5
BRH:5
end_of_record
TN:
SF:src/services/User/CreateUserService.ts
FN:29,CreateUserService
FN:30,execute
FNF:2
FNH:2
FNDA:8,CreateUserService
FNDA:14,execute
DA:1,1
DA:2,1
DA:3,1
DA:4,1
DA:5,1
DA:6,1
DA:7,1
DA:8,1
DA:9,1
DA:10,1
DA:11,1
DA:12,1
DA:13,1
DA:14,1
DA:15,1
DA:16,1
DA:17,1
DA:18,1
DA:19,1
DA:20,1
DA:21,1
DA:22,1
DA:23,1
DA:24,1
DA:25,1
DA:26,1
DA:27,1
DA:28,1
DA:29,1
DA:30,1
DA:31,14
DA:32,14
DA:33,14
DA:34,1
DA:35,1
DA:36,13
DA:37,13
DA:38,13
DA:39,14
DA:40,2
DA:41,2
DA:42,11
DA:43,11
DA:44,11
DA:45,11
DA:46,11
DA:47,11
DA:48,11
DA:49,11
DA:50,11
DA:51,11
DA:52,11
DA:53,11
DA:54,11
DA:55,11
DA:56,11
DA:57,1
DA:58,1
DA:59,1
LF:59
LH:59
BRDA:29,0,0,8
BRDA:30,1,0,14
BRDA:33,2,0,1
BRDA:36,3,0,13
BRDA:39,4,0,12
BRDA:39,5,0,2
BRDA:42,6,0,11
BRF:7
BRH:7
end_of_record
TN:
SF:src/services/User/DestroyUserService.ts
FN:16,DestroyUserService
FN:18,execute
FNF:2
FNH:2
FNDA:1,DestroyUserService
FNDA:2,execute
DA:1,1
DA:2,1
DA:3,1
DA:4,1
DA:5,1
DA:6,1
DA:7,1
DA:8,1
DA:9,1
DA:10,1
DA:11,1
DA:12,1
DA:13,1
DA:14,1
DA:15,1
DA:16,1
DA:17,1
DA:18,1
DA:19,2
DA:20,1
DA:21,1
DA:22,1
DA:23,1
DA:24,1
DA:25,2
DA:26,0
DA:27,0
DA:28,2
DA:29,1
DA:30,1
DA:31,1
LF:31
LH:29
BRDA:16,0,0,1
BRDA:18,1,0,2
BRDA:19,2,0,1
BRDA:19,3,0,1
BRDA:25,4,0,0
BRF:5
BRH:4
end_of_record
TN:
SF:src/services/User/FindUserByEmailService.ts
FN:12,FindUserByEmailService
FN:14,execute
FNF:2
FNH:2
FNDA:1,FindUserByEmailService
FNDA:1,execute
DA:1,1
DA:2,1
DA:3,1
DA:4,1
DA:5,1
DA:6,1
DA:7,1
DA:8,1
DA:9,1
DA:10,1
DA:11,1
DA:12,1
DA:13,1
DA:14,1
DA:15,1
DA:16,1
DA:17,1
DA:18,1
DA:19,1
DA:20,1
LF:20
LH:20
BRDA:12,0,0,1
BRDA:14,1,0,1
BRF:2
BRH:2
end_of_record
TN:
SF:src/services/User/FindUserByIdService.ts
FN:15,FindUserByIdService
FN:17,execute
FNF:2
FNH:2
FNDA:1,FindUserByIdService
FNDA:1,execute
DA:1,1
DA:2,1
DA:3,1
DA:4,1
DA:5,1
DA:6,1
DA:7,1
DA:8,1
DA:9,1
DA:10,1
DA:11,1
DA:12,1
DA:13,1
DA:14,1
DA:15,1
DA:16,1
DA:17,1
DA:18,1
DA:19,1
DA:20,0
DA:21,0
DA:22,1
DA:23,1
DA:24,1
DA:25,1
DA:26,1
DA:27,1
DA:28,1
DA:29,1
DA:30,1
DA:31,1
DA:32,1
DA:33,1
DA:34,1
DA:35,1
LF:35
LH:33
BRDA:15,0,0,1
BRDA:17,1,0,1
BRDA:19,2,0,0
BRF:3
BRH:2
end_of_record
TN:
SF:src/services/User/ListUserService.ts
FN:16,ListUserService
FN:18,execute
FNF:2
FNH:2
FNDA:1,ListUserService
FNDA:2,execute
DA:1,1
DA:2,1
DA:3,1
DA:4,1
DA:5,1
DA:6,1
DA:7,1
DA:8,1
DA:9,1
DA:10,1
DA:11,1
DA:12,1
DA:13,1
DA:14,1
DA:15,1
DA:16,1
DA:17,1
DA:18,1
DA:19,2
DA:20,1
DA:21,1
DA:22,1
DA:23,1
DA:24,1
DA:25,2
DA:26,2
DA:27,2
DA:28,2
DA:29,2
DA:30,2
DA:31,2
DA:32,2
DA:33,2
DA:34,1
DA:35,1
DA:36,1
DA:37,1
DA:38,1
LF:38
LH:38
BRDA:16,0,0,1
BRDA:18,1,0,2
BRDA:19,2,0,1
BRDA:24,3,0,2
BRF:4
BRH:4
end_of_record
TN:
SF:src/services/User/UpdateImageUserService.ts
FN:18,UpdateImageUserService
FN:20,execute
FN:42,deleteOldImage
FNF:3
FNH:3
FNDA:1,UpdateImageUserService
FNDA:2,execute
FNDA:1,deleteOldImage
DA:1,1
DA:2,1
DA:3,1
DA:4,1
DA:5,1
DA:6,1
DA:7,1
DA:8,1
DA:9,1
DA:10,1
DA:11,1
DA:12,1
DA:13,1
DA:14,1
DA:15,1
DA:16,1
DA:17,1
DA:18,1
DA:19,1
DA:20,1
DA:21,2
DA:22,1
DA:23,1
DA:24,1
DA:25,1
DA:26,1
DA:27,1
DA:28,1
DA:29,1
DA:30,1
DA:31,1
DA:32,1
DA:33,1
DA:34,1
DA:35,1
DA:36,1
DA:37,1
DA:38,1
DA:39,1
DA:40,1
DA:41,1
DA:42,1
DA:43,1
DA:44,0
DA:45,0
DA:46,0
DA:47,0
DA:48,0
DA:49,0
DA:50,0
DA:51,0
DA:52,0
DA:53,0
DA:54,0
DA:55,1
DA:56,1
DA:57,1
DA:58,1
LF:58
LH:47
BRDA:18,0,0,1
BRDA:20,1,0,2
BRDA:21,2,0,1
BRDA:42,3,0,1
BRDA:43,4,0,0
BRF:5
BRH:4
end_of_record
TN:
SF:src/services/User/UpdateUserService.ts
FN:27,UpdateUserService
FN:28,execute
FNF:2
FNH:2
FNDA:1,UpdateUserService
FNDA:2,execute
DA:1,1
DA:2,1
DA:3,1
DA:4,1
DA:5,1
DA:6,1
DA:7,1
DA:8,1
DA:9,1
DA:10,1
DA:11,1
DA:12,1
DA:13,1
DA:14,1
DA:15,1
DA:16,1
DA:17,1
DA:18,1
DA:19,1
DA:20,1
DA:21,1
DA:22,1
DA:23,1
DA:24,1
DA:25,1
DA:26,1
DA:27,1
DA:28,1
DA:29,2
DA:30,1
DA:31,1
DA:32,1
DA:33,1
DA:34,1
DA:35,1
DA:36,1
DA:37,1
DA:38,1
DA:39,1
DA:40,1
DA:41,1
DA:42,1
DA:43,1
DA:44,1
DA:45,1
DA:46,1
DA:47,1
DA:48,1
DA:49,1
DA:50,1
LF:50
LH:50
BRDA:27,0,0,1
BRDA:28,1,0,2
BRDA:29,2,0,1
BRF:3
BRH:3
end_of_record
TN:
SF:src/utils/date.ts
FN:1,getUserYears
FNF:1
FNH:1
FNDA:20,getUserYears
DA:1,20
DA:2,20
DA:3,20
DA:4,20
DA:5,20
DA:6,20
DA:7,20
DA:8,20
DA:9,20
DA:10,20
DA:11,16
DA:12,16
DA:13,20
DA:14,20
DA:15,20
DA:16,1
DA:17,1
LF:17
LH:17
BRDA:1,0,0,20
BRDA:10,1,0,4
BRDA:10,2,0,0
BRDA:10,3,0,16
BRF:4
BRH:3
end_of_record
