TN:
SF:constants/password_config.ts
FNF:0
FNH:0
DA:1,1
DA:2,1
DA:3,1
LF:3
LH:3
BRF:0
BRH:0
end_of_record
TN:
SF:constants/roles.ts
FNF:0
FNH:0
DA:1,1
DA:2,1
DA:3,1
DA:4,1
LF:4
LH:4
BRF:0
BRH:0
end_of_record
TN:
SF:src/repositories/in-memory/User/UserRepositoryInMemory.ts
FN:23,UserRepositoryInMemory
FN:26,create
FN:43,update
FN:60,findUserById
FN:70,findUserByEmail
FN:80,list
FN:84,delete
FNF:7
FNH:5
FNDA:4,UserRepositoryInMemory
FNDA:4,create
FNDA:1,update
FNDA:2,findUserById
FNDA:6,findUserByEmail
FNDA:0,list
FNDA:0,delete
DA:1,1
DA:2,1
DA:3,1
DA:4,1
DA:5,1
DA:6,1
DA:7,1
DA:8,1
DA:9,1
DA:10,1
DA:11,1
DA:12,1
DA:13,1
DA:14,1
DA:15,1
DA:16,1
DA:17,1
DA:18,1
DA:19,1
DA:20,1
DA:21,1
DA:22,1
DA:23,4
DA:24,4
DA:25,4
DA:26,4
DA:27,4
DA:28,4
DA:29,4
DA:30,4
DA:31,4
DA:32,4
DA:33,4
DA:34,4
DA:35,4
DA:36,4
DA:37,4
DA:38,4
DA:39,4
DA:40,4
DA:41,4
DA:42,4
DA:43,4
DA:44,1
DA:45,1
DA:46,1
DA:47,0
DA:48,0
DA:49,1
DA:50,1
DA:51,1
DA:52,1
DA:53,1
DA:54,1
DA:55,1
DA:56,1
DA:57,1
DA:58,1
DA:59,4
DA:60,4
DA:61,2
DA:62,2
DA:63,2
DA:64,2
DA:65,2
DA:66,0
DA:67,0
DA:68,0
DA:69,4
DA:70,4
DA:71,6
DA:72,6
DA:73,6
DA:74,2
DA:75,2
DA:76,4
DA:77,4
DA:78,4
DA:79,4
DA:80,4
DA:81,0
DA:82,0
DA:83,4
DA:84,4
DA:85,0
DA:86,0
DA:87,0
DA:88,0
DA:89,0
DA:90,0
DA:91,4
DA:92,1
DA:93,1
LF:93
LH:80
BRDA:23,0,0,4
BRDA:26,1,0,4
BRDA:43,2,0,1
BRDA:46,3,0,0
BRDA:44,4,0,1
BRDA:60,5,0,2
BRDA:66,6,0,0
BRDA:61,7,0,2
BRDA:70,8,0,6
BRDA:73,9,0,4
BRDA:73,10,0,2
BRDA:71,11,0,2
BRF:12
BRH:10
end_of_record
TN:
SF:src/services/User/CreateUserService.ts
FN:28,CreateUserService
FN:29,execute
FNF:2
FNH:2
FNDA:4,CreateUserService
FNDA:5,execute
DA:1,1
DA:2,1
DA:3,1
DA:4,1
DA:5,1
DA:6,1
DA:7,1
DA:8,1
DA:9,1
DA:10,1
DA:11,1
DA:12,1
DA:13,1
DA:14,1
DA:15,1
DA:16,1
DA:17,1
DA:18,1
DA:19,1
DA:20,1
DA:21,1
DA:22,1
DA:23,1
DA:24,1
DA:25,1
DA:26,1
DA:27,1
DA:28,1
DA:29,1
DA:30,5
DA:31,5
DA:32,5
DA:33,5
DA:34,5
DA:35,1
DA:36,1
DA:37,4
DA:38,4
DA:39,4
DA:40,4
DA:41,4
DA:42,4
DA:43,4
DA:44,4
DA:45,4
DA:46,4
DA:47,4
DA:48,4
DA:49,4
DA:50,4
DA:51,4
DA:52,1
DA:53,1
DA:54,1
LF:54
LH:54
BRDA:28,0,0,4
BRDA:29,1,0,5
BRDA:34,2,0,4
BRDA:34,3,0,1
BRF:4
BRH:4
end_of_record
TN:
SF:src/services/User/FindUserByEmailService.ts
FN:12,FindUserByEmailService
FN:14,execute
FNF:2
FNH:2
FNDA:1,FindUserByEmailService
FNDA:1,execute
DA:1,1
DA:2,1
DA:3,1
DA:4,1
DA:5,1
DA:6,1
DA:7,1
DA:8,1
DA:9,1
DA:10,1
DA:11,1
DA:12,1
DA:13,1
DA:14,1
DA:15,1
DA:16,1
DA:17,1
DA:18,1
DA:19,1
DA:20,1
LF:20
LH:20
BRDA:12,0,0,1
BRDA:14,1,0,1
BRF:2
BRH:2
end_of_record
TN:
SF:src/services/User/FindUserByIdService.ts
FN:15,FindUserByIdService
FN:17,execute
FNF:2
FNH:2
FNDA:1,FindUserByIdService
FNDA:1,execute
DA:1,1
DA:2,1
DA:3,1
DA:4,1
DA:5,1
DA:6,1
DA:7,1
DA:8,1
DA:9,1
DA:10,1
DA:11,1
DA:12,1
DA:13,1
DA:14,1
DA:15,1
DA:16,1
DA:17,1
DA:18,1
DA:19,1
DA:20,0
DA:21,0
DA:22,1
DA:23,1
DA:24,1
DA:25,1
DA:26,1
DA:27,1
DA:28,1
DA:29,1
DA:30,1
DA:31,1
DA:32,1
DA:33,1
DA:34,1
DA:35,1
LF:35
LH:33
BRDA:15,0,0,1
BRDA:17,1,0,1
BRDA:19,2,0,0
BRF:3
BRH:2
end_of_record
TN:
SF:src/services/User/UpdateUserService.ts
FN:27,UpdateUserService
FN:28,execute
FNF:2
FNH:2
FNDA:1,UpdateUserService
FNDA:1,execute
DA:1,1
DA:2,1
DA:3,1
DA:4,1
DA:5,1
DA:6,1
DA:7,1
DA:8,1
DA:9,1
DA:10,1
DA:11,1
DA:12,1
DA:13,1
DA:14,1
DA:15,1
DA:16,1
DA:17,1
DA:18,1
DA:19,1
DA:20,1
DA:21,1
DA:22,1
DA:23,1
DA:24,1
DA:25,1
DA:26,1
DA:27,1
DA:28,1
DA:29,1
DA:30,1
DA:31,1
DA:32,0
DA:33,0
DA:34,1
DA:35,1
DA:36,1
DA:37,1
DA:38,1
DA:39,1
DA:40,1
DA:41,1
DA:42,1
DA:43,1
DA:44,1
DA:45,1
DA:46,1
DA:47,1
DA:48,1
DA:49,1
DA:50,1
DA:51,1
DA:52,1
LF:52
LH:50
BRDA:27,0,0,1
BRDA:28,1,0,1
BRDA:31,2,0,0
BRF:3
BRH:2
end_of_record
TN:
SF:src/utils/date.ts
FN:1,getUserYears
FNF:1
FNH:1
FNDA:9,getUserYears
DA:1,9
DA:2,9
DA:3,9
DA:4,9
DA:5,9
DA:6,9
DA:7,9
DA:8,9
DA:9,9
DA:10,9
DA:11,7
DA:12,7
DA:13,9
DA:14,9
DA:15,9
DA:16,1
DA:17,1
LF:17
LH:17
BRDA:1,0,0,9
BRDA:10,1,0,2
BRDA:10,2,0,0
BRDA:10,3,0,7
BRF:4
BRH:3
end_of_record
